<?xml version="1.0" encoding="UTF-8"?>
<!-- Generated by org.testng.reporters.JUnitReportReporter -->
<testsuite hostname="LAPTOP-50I9GGAN" failures="0" tests="1" name="newSelenium.newSelenium.selTest" time="6.958" errors="0" timestamp="2024-01-25T01:11:46 IST" skipped="0">
  <testcase classname="newSelenium.newSelenium.selTest" name="test" time="6.958"/>
  <system-out/>
</testsuite> <!-- newSelenium.newSelenium.selTest -->
