<?xml version="1.0" encoding="UTF-8"?>
<!-- Generated by org.testng.reporters.JUnitReportReporter -->
<testsuite hostname="LAPTOP-50I9GGAN" failures="0" tests="1" name="newSelenium.newSelenium.selTest" time="47.799" errors="0" timestamp="2024-01-25T00:49:52 IST" skipped="0">
  <testcase classname="newSelenium.newSelenium.selTest" name="test" time="47.799"/>
  <system-out/>
</testsuite> <!-- newSelenium.newSelenium.selTest -->
